This file contains any messages produced by compilers while
running configure, to aid debugging if configure makes a mistake.

It was created by SMBNetFS configure 0.5.3а, which was
generated by GNU Autoconf 2.68.  Invocation command line was

  $ ./configure CFLAGS=-g -O0 CXXFLAGS=-g -O0

## --------- ##
## Platform. ##
## --------- ##

hostname = slim
uname -m = x86_64
uname -r = 3.0.0-12-generic
uname -s = Linux
uname -v = #20-Ubuntu SMP Fri Oct 7 14:56:25 UTC 2011

/usr/bin/uname -p = unknown
/bin/uname -X     = unknown

/bin/arch              = unknown
/usr/bin/arch -k       = unknown
/usr/convex/getsysinfo = unknown
/usr/bin/hostinfo      = unknown
/bin/machine           = unknown
/usr/bin/oslevel       = unknown
/bin/universe          = unknown

PATH: /opt/kde3/bin
PATH: /opt/kde3/games
PATH: /home/midenok
PATH: /home/midenok/hardware/legend/android-sdk-linux_x86/tools
PATH: /home/midenok/bin
PATH: /usr/local/sbin
PATH: /usr/local/bin
PATH: /usr/sbin
PATH: /usr/bin
PATH: /sbin
PATH: /bin
PATH: /usr/games


## ----------- ##
## Core tests. ##
## ----------- ##

configure:2055: checking for a BSD-compatible install
configure:2123: result: /usr/bin/install -c
configure:2134: checking whether build environment is sane
configure:2184: result: yes
configure:2325: checking for a thread-safe mkdir -p
configure:2364: result: /bin/mkdir -p
configure:2377: checking for gawk
configure:2393: found /usr/bin/gawk
configure:2404: result: gawk
configure:2415: checking whether make sets $(MAKE)
configure:2437: result: yes
configure:2567: checking for gcc
configure:2583: found /usr/bin/gcc
configure:2594: result: gcc
configure:2823: checking for C compiler version
configure:2832: gcc --version >&5
gcc (Ubuntu/Linaro 4.6.3-1ubuntu5) 4.6.3
Copyright (C) 2011 Free Software Foundation, Inc.
This is free software; see the source for copying conditions.  There is NO
warranty; not even for MERCHANTABILITY or FITNESS FOR A PARTICULAR PURPOSE.

configure:2843: $? = 0
configure:2832: gcc -v >&5
Using built-in specs.
COLLECT_GCC=gcc
COLLECT_LTO_WRAPPER=/usr/lib/gcc/x86_64-linux-gnu/4.6/lto-wrapper
Target: x86_64-linux-gnu
Configured with: ../src/configure -v --with-pkgversion='Ubuntu/Linaro 4.6.3-1ubuntu5' --with-bugurl=file:///usr/share/doc/gcc-4.6/README.Bugs --enable-languages=c,c++,fortran,objc,obj-c++ --prefix=/usr --program-suffix=-4.6 --enable-shared --enable-linker-build-id --with-system-zlib --libexecdir=/usr/lib --without-included-gettext --enable-threads=posix --with-gxx-include-dir=/usr/include/c++/4.6 --libdir=/usr/lib --enable-nls --with-sysroot=/ --enable-clocale=gnu --enable-libstdcxx-debug --enable-libstdcxx-time=yes --enable-gnu-unique-object --enable-plugin --enable-objc-gc --disable-werror --with-arch-32=i686 --with-tune=generic --enable-checking=release --build=x86_64-linux-gnu --host=x86_64-linux-gnu --target=x86_64-linux-gnu
Thread model: posix
gcc version 4.6.3 (Ubuntu/Linaro 4.6.3-1ubuntu5) 
configure:2843: $? = 0
configure:2832: gcc -V >&5
gcc: error: unrecognized option '-V'
gcc: fatal error: no input files
compilation terminated.
configure:2843: $? = 4
configure:2832: gcc -qversion >&5
gcc: error: unrecognized option '-qversion'
gcc: fatal error: no input files
compilation terminated.
configure:2843: $? = 4
configure:2863: checking whether the C compiler works
configure:2885: gcc -g -O0   conftest.c  >&5
configure:2889: $? = 0
configure:2937: result: yes
configure:2940: checking for C compiler default output file name
configure:2942: result: a.out
configure:2948: checking for suffix of executables
configure:2955: gcc -o conftest -g -O0   conftest.c  >&5
configure:2959: $? = 0
configure:2981: result: 
configure:3003: checking whether we are cross compiling
configure:3011: gcc -o conftest -g -O0   conftest.c  >&5
configure:3015: $? = 0
configure:3022: ./conftest
configure:3026: $? = 0
configure:3041: result: no
configure:3046: checking for suffix of object files
configure:3068: gcc -c -g -O0  conftest.c >&5
configure:3072: $? = 0
configure:3093: result: o
configure:3097: checking whether we are using the GNU C compiler
configure:3116: gcc -c -g -O0  conftest.c >&5
configure:3116: $? = 0
configure:3125: result: yes
configure:3134: checking whether gcc accepts -g
configure:3154: gcc -c -g  conftest.c >&5
configure:3154: $? = 0
configure:3195: result: yes
configure:3212: checking for gcc option to accept ISO C89
configure:3276: gcc  -c -g -O0  conftest.c >&5
configure:3276: $? = 0
configure:3289: result: none needed
configure:3320: checking for style of include used by make
configure:3348: result: GNU
configure:3374: checking dependency style of gcc
configure:3485: result: gcc3
configure:3558: checking for g++
configure:3574: found /usr/bin/g++
configure:3585: result: g++
configure:3612: checking for C++ compiler version
configure:3621: g++ --version >&5
g++ (Ubuntu/Linaro 4.6.3-1ubuntu5) 4.6.3
Copyright (C) 2011 Free Software Foundation, Inc.
This is free software; see the source for copying conditions.  There is NO
warranty; not even for MERCHANTABILITY or FITNESS FOR A PARTICULAR PURPOSE.

configure:3632: $? = 0
configure:3621: g++ -v >&5
Using built-in specs.
COLLECT_GCC=g++
COLLECT_LTO_WRAPPER=/usr/lib/gcc/x86_64-linux-gnu/4.6/lto-wrapper
Target: x86_64-linux-gnu
Configured with: ../src/configure -v --with-pkgversion='Ubuntu/Linaro 4.6.3-1ubuntu5' --with-bugurl=file:///usr/share/doc/gcc-4.6/README.Bugs --enable-languages=c,c++,fortran,objc,obj-c++ --prefix=/usr --program-suffix=-4.6 --enable-shared --enable-linker-build-id --with-system-zlib --libexecdir=/usr/lib --without-included-gettext --enable-threads=posix --with-gxx-include-dir=/usr/include/c++/4.6 --libdir=/usr/lib --enable-nls --with-sysroot=/ --enable-clocale=gnu --enable-libstdcxx-debug --enable-libstdcxx-time=yes --enable-gnu-unique-object --enable-plugin --enable-objc-gc --disable-werror --with-arch-32=i686 --with-tune=generic --enable-checking=release --build=x86_64-linux-gnu --host=x86_64-linux-gnu --target=x86_64-linux-gnu
Thread model: posix
gcc version 4.6.3 (Ubuntu/Linaro 4.6.3-1ubuntu5) 
configure:3632: $? = 0
configure:3621: g++ -V >&5
g++: error: unrecognized option '-V'
g++: fatal error: no input files
compilation terminated.
configure:3632: $? = 4
configure:3621: g++ -qversion >&5
g++: error: unrecognized option '-qversion'
g++: fatal error: no input files
compilation terminated.
configure:3632: $? = 4
configure:3636: checking whether we are using the GNU C++ compiler
configure:3655: g++ -c -g -O0  conftest.cpp >&5
configure:3655: $? = 0
configure:3664: result: yes
configure:3673: checking whether g++ accepts -g
configure:3693: g++ -c -g  conftest.cpp >&5
configure:3693: $? = 0
configure:3734: result: yes
configure:3759: checking dependency style of g++
configure:3870: result: gcc3
configure:3889: checking for setxattr
configure:3889: gcc -o conftest -g -O0   conftest.c  >&5
configure:3889: $? = 0
configure:3889: result: yes
configure:3898: checking for backtrace_symbols_fd
configure:3898: gcc -o conftest -g -O0   conftest.c  >&5
configure:3898: $? = 0
configure:3898: result: yes
configure:3906: checking for strndup
configure:3906: gcc -o conftest -g -O0   conftest.c  >&5
conftest.c:36:6: warning: conflicting types for built-in function 'strndup' [enabled by default]
configure:3906: $? = 0
configure:3906: result: yes
configure:3914: checking for setlocale
configure:3914: gcc -o conftest -g -O0   conftest.c  >&5
configure:3914: $? = 0
configure:3914: result: yes
configure:3942: checking for iconv_open
configure:3942: gcc -o conftest -g -O0 -Wall -W   -rdynamic conftest.c  >&5
configure:3942: $? = 0
configure:3942: result: yes
configure:4201: checking for pkg-config
configure:4219: found /usr/bin/pkg-config
configure:4231: result: /usr/bin/pkg-config
configure:4256: checking pkg-config is at least version 0.9.0
configure:4259: result: yes
configure:4269: checking for FUSE
configure:4276: $PKG_CONFIG --exists --print-errors "fuse >= 2.6"
configure:4279: $? = 0
configure:4293: $PKG_CONFIG --exists --print-errors "fuse >= 2.6"
configure:4296: $? = 0
configure:4354: result: yes
configure:4375: checking for GNOME_KEYRING
configure:4382: $PKG_CONFIG --exists --print-errors "gnome-keyring-1 >= 2.28"
Package gnome-keyring-1 was not found in the pkg-config search path.
Perhaps you should add the directory containing `gnome-keyring-1.pc'
to the PKG_CONFIG_PATH environment variable
No package 'gnome-keyring-1' found
configure:4385: $? = 1
configure:4399: $PKG_CONFIG --exists --print-errors "gnome-keyring-1 >= 2.28"
Package gnome-keyring-1 was not found in the pkg-config search path.
Perhaps you should add the directory containing `gnome-keyring-1.pc'
to the PKG_CONFIG_PATH environment variable
No package 'gnome-keyring-1' found
configure:4402: $? = 1
configure:4416: result: no
No package 'gnome-keyring-1' found
configure:4459: checking for smbc_new_context in -lsmbclient
configure:4484: gcc -o conftest -g -O0 -Wall -W -D_REENTRANT -D_GNU_SOURCE -DFUSE_USE_VERSION=26 -D_FILE_OFFSET_BITS=64 -I/usr/include/fuse      -rdynamic conftest.c -lsmbclient   -pthread -lfuse -lrt -ldl    >&5
configure:4484: $? = 0
configure:4493: result: yes
configure:4510: checking for smbc_setOptionUserData in -lsmbclient
configure:4535: gcc -o conftest -g -O0 -Wall -W -D_REENTRANT -D_GNU_SOURCE -DFUSE_USE_VERSION=26 -D_FILE_OFFSET_BITS=64 -I/usr/include/fuse      -rdynamic conftest.c -lsmbclient  -lsmbclient  -pthread -lfuse -lrt -ldl    >&5
configure:4535: $? = 0
configure:4544: result: yes
configure:4701: creating ./config.status

## ---------------------- ##
## Running config.status. ##
## ---------------------- ##

This file was extended by SMBNetFS config.status 0.5.3а, which was
generated by GNU Autoconf 2.68.  Invocation command line was

  CONFIG_FILES    = 
  CONFIG_HEADERS  = 
  CONFIG_LINKS    = 
  CONFIG_COMMANDS = 
  $ ./config.status 

on slim

config.status:866: creating Makefile
config.status:866: creating src/Makefile
config.status:866: creating src/config.h
config.status:1047: src/config.h is unchanged
config.status:1095: executing depfiles commands

## ---------------- ##
## Cache variables. ##
## ---------------- ##

ac_cv_c_compiler_gnu=yes
ac_cv_cxx_compiler_gnu=yes
ac_cv_env_CCC_set=
ac_cv_env_CCC_value=
ac_cv_env_CC_set=
ac_cv_env_CC_value=
ac_cv_env_CFLAGS_set=set
ac_cv_env_CFLAGS_value='-g -O0'
ac_cv_env_CPPFLAGS_set=
ac_cv_env_CPPFLAGS_value=
ac_cv_env_CXXFLAGS_set=set
ac_cv_env_CXXFLAGS_value='-g -O0'
ac_cv_env_CXX_set=
ac_cv_env_CXX_value=
ac_cv_env_FUSE_CFLAGS_set=
ac_cv_env_FUSE_CFLAGS_value=
ac_cv_env_FUSE_LIBS_set=
ac_cv_env_FUSE_LIBS_value=
ac_cv_env_GNOME_KEYRING_CFLAGS_set=
ac_cv_env_GNOME_KEYRING_CFLAGS_value=
ac_cv_env_GNOME_KEYRING_LIBS_set=
ac_cv_env_GNOME_KEYRING_LIBS_value=
ac_cv_env_LDFLAGS_set=
ac_cv_env_LDFLAGS_value=
ac_cv_env_LIBS_set=
ac_cv_env_LIBS_value=
ac_cv_env_PKG_CONFIG_LIBDIR_set=
ac_cv_env_PKG_CONFIG_LIBDIR_value=
ac_cv_env_PKG_CONFIG_PATH_set=
ac_cv_env_PKG_CONFIG_PATH_value=
ac_cv_env_PKG_CONFIG_set=
ac_cv_env_PKG_CONFIG_value=
ac_cv_env_build_alias_set=
ac_cv_env_build_alias_value=
ac_cv_env_host_alias_set=
ac_cv_env_host_alias_value=
ac_cv_env_target_alias_set=
ac_cv_env_target_alias_value=
ac_cv_func_backtrace_symbols_fd=yes
ac_cv_func_iconv_open=yes
ac_cv_func_setlocale=yes
ac_cv_func_setxattr=yes
ac_cv_func_strndup=yes
ac_cv_lib_smbclient_smbc_new_context=yes
ac_cv_lib_smbclient_smbc_setOptionUserData=yes
ac_cv_objext=o
ac_cv_path_ac_pt_PKG_CONFIG=/usr/bin/pkg-config
ac_cv_path_install='/usr/bin/install -c'
ac_cv_path_mkdir=/bin/mkdir
ac_cv_prog_AWK=gawk
ac_cv_prog_ac_ct_CC=gcc
ac_cv_prog_ac_ct_CXX=g++
ac_cv_prog_cc_c89=
ac_cv_prog_cc_g=yes
ac_cv_prog_cxx_g=yes
ac_cv_prog_make_make_set=yes
am_cv_CC_dependencies_compiler_type=gcc3
am_cv_CXX_dependencies_compiler_type=gcc3
pkg_cv_FUSE_CFLAGS='-D_FILE_OFFSET_BITS=64 -I/usr/include/fuse  '
pkg_cv_FUSE_LIBS='-pthread -lfuse -lrt -ldl  '

## ----------------- ##
## Output variables. ##
## ----------------- ##

ACLOCAL='${SHELL} /home/midenok/src/smbnetfs/smbnetfs-0.5.3a-m/missing --run aclocal-1.11'
AMDEPBACKSLASH='\'
AMDEP_FALSE='#'
AMDEP_TRUE=''
AMTAR='$${TAR-tar}'
AUTOCONF='${SHELL} /home/midenok/src/smbnetfs/smbnetfs-0.5.3a-m/missing --run autoconf'
AUTOHEADER='${SHELL} /home/midenok/src/smbnetfs/smbnetfs-0.5.3a-m/missing --run autoheader'
AUTOMAKE='${SHELL} /home/midenok/src/smbnetfs/smbnetfs-0.5.3a-m/missing --run automake-1.11'
AWK='gawk'
CC='gcc'
CCDEPMODE='depmode=gcc3'
CFLAGS='-g -O0 -Wall -W -D_REENTRANT -D_GNU_SOURCE -DFUSE_USE_VERSION=26 -D_FILE_OFFSET_BITS=64 -I/usr/include/fuse   '
CPPFLAGS=''
CXX='g++'
CXXDEPMODE='depmode=gcc3'
CXXFLAGS='-g -O0'
CYGPATH_W='echo'
DEFS='-DHAVE_CONFIG_H'
DEPDIR='.deps'
ECHO_C=''
ECHO_N='-n'
ECHO_T=''
EXEEXT=''
FUSE_CFLAGS='-D_FILE_OFFSET_BITS=64 -I/usr/include/fuse  '
FUSE_LIBS='-pthread -lfuse -lrt -ldl  '
GNOME_KEYRING_CFLAGS=''
GNOME_KEYRING_LIBS=''
INSTALL_DATA='${INSTALL} -m 644'
INSTALL_PROGRAM='${INSTALL}'
INSTALL_SCRIPT='${INSTALL}'
INSTALL_STRIP_PROGRAM='$(install_sh) -c -s'
LDFLAGS=' -rdynamic'
LIBOBJS=''
LIBS='-lsmbclient  -pthread -lfuse -lrt -ldl   '
LTLIBOBJS=''
MAKEINFO='${SHELL} /home/midenok/src/smbnetfs/smbnetfs-0.5.3a-m/missing --run makeinfo'
MKDIR_P='/bin/mkdir -p'
OBJEXT='o'
PACKAGE='smbnetfs'
PACKAGE_BUGREPORT=''
PACKAGE_NAME='SMBNetFS'
PACKAGE_STRING='SMBNetFS 0.5.3а'
PACKAGE_TARNAME='smbnetfs'
PACKAGE_URL=''
PACKAGE_VERSION='0.5.3а'
PATH_SEPARATOR=':'
PKG_CONFIG='/usr/bin/pkg-config'
PKG_CONFIG_LIBDIR=''
PKG_CONFIG_PATH='/usr/local/lib/pkgconfig:'
SET_MAKE=''
SHELL='/bin/bash'
STRIP=''
VERSION='0.5.3а'
ac_ct_CC='gcc'
ac_ct_CXX='g++'
am__EXEEXT_FALSE=''
am__EXEEXT_TRUE='#'
am__fastdepCC_FALSE='#'
am__fastdepCC_TRUE=''
am__fastdepCXX_FALSE='#'
am__fastdepCXX_TRUE=''
am__include='include'
am__isrc=''
am__leading_dot='.'
am__nodep='_no'
am__quote=''
am__tar='$${TAR-tar} chof - "$$tardir"'
am__untar='$${TAR-tar} xf -'
bindir='${exec_prefix}/bin'
build_alias=''
datadir='${datarootdir}'
datarootdir='${prefix}/share'
docdir='${datarootdir}/doc/${PACKAGE_TARNAME}'
dvidir='${docdir}'
exec_prefix='${prefix}'
host_alias=''
htmldir='${docdir}'
includedir='${prefix}/include'
infodir='${datarootdir}/info'
install_sh='${SHELL} /home/midenok/src/smbnetfs/smbnetfs-0.5.3a-m/install-sh'
libdir='${exec_prefix}/lib'
libexecdir='${exec_prefix}/libexec'
localedir='${datarootdir}/locale'
localstatedir='${prefix}/var'
mandir='${datarootdir}/man'
mkdir_p='/bin/mkdir -p'
oldincludedir='/usr/include'
pdfdir='${docdir}'
prefix='/usr/local'
program_transform_name='s,x,x,'
psdir='${docdir}'
sbindir='${exec_prefix}/sbin'
sharedstatedir='${prefix}/com'
sysconfdir='${prefix}/etc'
target_alias=''

## ----------- ##
## confdefs.h. ##
## ----------- ##

/* confdefs.h */
#define PACKAGE_NAME "SMBNetFS"
#define PACKAGE_TARNAME "smbnetfs"
#define PACKAGE_VERSION "0.5.3а"
#define PACKAGE_STRING "SMBNetFS 0.5.3а"
#define PACKAGE_BUGREPORT ""
#define PACKAGE_URL ""
#define PACKAGE "smbnetfs"
#define VERSION "0.5.3а"
#define HAVE_SETXATTR 1
#define HAVE_BACKTRACE /**/
#define HAVE_STRNDUP /**/
#define HAVE_LIBSMBCLIENT 1
#define HAVE_LIBSMBCLIENT_3_2 1

configure: exit 0
